<?xml version="1.0" encoding="UTF-8"?>
<!-- Generated by org.testng.reporters.JUnitXMLReporter -->
<testsuite ignored="0" hostname="Shubham-Infinitys-MacBook-Air.local" failures="0" tests="4" name="Test" time="10.01" errors="0" timestamp="2025-12-30T17:06:25 IST">
  <testcase classname="api.test.UserTests" name="testPostUser" time="5.359"/>
  <testcase classname="api.test.UserTests" name="testGetUserByName" time="1.335"/>
  <testcase classname="api.test.UserTests" name="testPutUser" time="1.593"/>
  <testcase classname="api.test.UserTests" name="testDeleteUser" time="1.532"/>
</testsuite> <!-- Test -->
