<?xml version="1.0" encoding="UTF-8"?>
<!-- Generated by org.testng.reporters.JUnitXMLReporter -->
<testsuite ignored="0" hostname="Shubham-Infinitys-MacBook-Air.local" failures="0" tests="4" name="Test" time="7.999" errors="0" timestamp="2025-12-30T18:35:28 IST">
  <testcase classname="api.test.UserTests" name="testPostUser" time="3.826"/>
  <testcase classname="api.test.UserTests" name="testGetUserByName" time="1.348"/>
  <testcase classname="api.test.UserTests" name="testPutUser" time="1.302"/>
  <testcase classname="api.test.UserTests" name="testDeleteUser" time="1.347"/>
</testsuite> <!-- Test -->
