<?xml version="1.0" encoding="UTF-8"?>
<testng-results ignored="0" total="4" passed="4" failed="0" skipped="0">
  <reporter-output>
  </reporter-output>
  <suite started-at="2025-12-30T18:35:19 IST" name="Suite" finished-at="2025-12-30T18:35:27 IST" duration-ms="7999">
    <groups>
    </groups>
    <test started-at="2025-12-30T18:35:19 IST" name="Test" finished-at="2025-12-30T18:35:27 IST" duration-ms="7999">
      <class name="api.test.UserTests">
        <test-method is-config="true" signature="setUp()[pri:0, instance:api.test.UserTests@5cdec700]" started-at="2025-12-30T18:35:19 IST" name="setUp" finished-at="2025-12-30T18:35:20 IST" duration-ms="85" status="PASS">
          <reporter-output>
          </reporter-output>
        </test-method> <!-- setUp -->
        <test-method signature="testPostUser()[pri:1, instance:api.test.UserTests@5cdec700]" started-at="2025-12-30T18:35:20 IST" name="testPostUser" finished-at="2025-12-30T18:35:23 IST" duration-ms="3826" status="PASS">
          <reporter-output>
          </reporter-output>
        </test-method> <!-- testPostUser -->
        <test-method signature="testGetUserByName()[pri:2, instance:api.test.UserTests@5cdec700]" started-at="2025-12-30T18:35:23 IST" name="testGetUserByName" finished-at="2025-12-30T18:35:25 IST" depends-on-methods="api.test.UserTests.testPostUser" duration-ms="1348" status="PASS">
          <reporter-output>
          </reporter-output>
        </test-method> <!-- testGetUserByName -->
        <test-method signature="testPutUser()[pri:3, instance:api.test.UserTests@5cdec700]" started-at="2025-12-30T18:35:25 IST" name="testPutUser" finished-at="2025-12-30T18:35:26 IST" depends-on-methods="api.test.UserTests.testGetUserByName" duration-ms="1302" status="PASS">
          <reporter-output>
          </reporter-output>
        </test-method> <!-- testPutUser -->
        <test-method signature="testDeleteUser()[pri:4, instance:api.test.UserTests@5cdec700]" started-at="2025-12-30T18:35:26 IST" name="testDeleteUser" finished-at="2025-12-30T18:35:27 IST" depends-on-methods="api.test.UserTests.testPutUser" duration-ms="1347" status="PASS">
          <reporter-output>
          </reporter-output>
        </test-method> <!-- testDeleteUser -->
      </class> <!-- api.test.UserTests -->
    </test> <!-- Test -->
  </suite> <!-- Suite -->
</testng-results>
