<?xml version="1.0" encoding="UTF-8"?>
<testng-results ignored="0" total="4" passed="4" failed="0" skipped="0">
  <reporter-output>
  </reporter-output>
  <suite started-at="2025-12-30T18:02:37 IST" name="Default suite" finished-at="2025-12-30T18:02:43 IST" duration-ms="5822">
    <groups>
    </groups>
    <test started-at="2025-12-30T18:02:37 IST" name="Default test" finished-at="2025-12-30T18:02:43 IST" duration-ms="5822">
      <class name="api.test.UserTests2">
        <test-method is-config="true" signature="setUp()[pri:0, instance:api.test.UserTests2@3f91b517]" started-at="2025-12-30T18:02:37 IST" name="setUp" finished-at="2025-12-30T18:02:37 IST" duration-ms="86" status="PASS">
          <reporter-output>
          </reporter-output>
        </test-method> <!-- setUp -->
        <test-method signature="testPostUser()[pri:1, instance:api.test.UserTests2@3f91b517]" started-at="2025-12-30T18:02:37 IST" name="testPostUser" finished-at="2025-12-30T18:02:40 IST" duration-ms="2197" status="PASS">
          <reporter-output>
          </reporter-output>
        </test-method> <!-- testPostUser -->
        <test-method signature="testGetUserByName()[pri:2, instance:api.test.UserTests2@3f91b517]" started-at="2025-12-30T18:02:40 IST" name="testGetUserByName" finished-at="2025-12-30T18:02:41 IST" depends-on-methods="api.test.UserTests2.testPostUser" duration-ms="1148" status="PASS">
          <reporter-output>
          </reporter-output>
        </test-method> <!-- testGetUserByName -->
        <test-method signature="testPutUser()[pri:3, instance:api.test.UserTests2@3f91b517]" started-at="2025-12-30T18:02:41 IST" name="testPutUser" finished-at="2025-12-30T18:02:42 IST" depends-on-methods="api.test.UserTests2.testGetUserByName" duration-ms="1147" status="PASS">
          <reporter-output>
          </reporter-output>
        </test-method> <!-- testPutUser -->
        <test-method signature="testDeleteUser()[pri:4, instance:api.test.UserTests2@3f91b517]" started-at="2025-12-30T18:02:42 IST" name="testDeleteUser" finished-at="2025-12-30T18:02:43 IST" depends-on-methods="api.test.UserTests2.testPutUser" duration-ms="1218" status="PASS">
          <reporter-output>
          </reporter-output>
        </test-method> <!-- testDeleteUser -->
      </class> <!-- api.test.UserTests2 -->
    </test> <!-- Default test -->
  </suite> <!-- Default suite -->
</testng-results>
