<?xml version="1.0" encoding="UTF-8"?>
<!-- Generated by org.testng.reporters.JUnitReportReporter -->
<testsuite hostname="Shubham-Infinitys-MacBook-Air.local" failures="0" tests="4" name="api.test.UserTests2" time="5.710" errors="0" timestamp="2025-12-30T18:02:43 IST" skipped="0">
  <testcase classname="api.test.UserTests2" name="testPostUser" time="2.197"/>
  <testcase classname="api.test.UserTests2" name="testGetUserByName" time="1.148"/>
  <testcase classname="api.test.UserTests2" name="testPutUser" time="1.147"/>
  <testcase classname="api.test.UserTests2" name="testDeleteUser" time="1.218"/>
</testsuite> <!-- api.test.UserTests2 -->
