<?xml version="1.0" encoding="UTF-8"?>
<!-- Generated by org.testng.reporters.JUnitReportReporter -->
<testsuite hostname="Shubham-Infinitys-MacBook-Air.local" failures="0" tests="6" name="api.test.DDTest" time="10.177" errors="0" timestamp="2025-12-30T15:12:23 IST" skipped="0">
  <testcase classname="api.test.DDTest" name="testPostUser" time="3.040"/>
  <testcase classname="api.test.DDTest" name="testPostUser" time="1.547"/>
  <testcase classname="api.test.DDTest" name="testPostUser" time="1.532"/>
  <testcase classname="api.test.DDTest" name="testDeleteUserByName" time="1.214"/>
  <testcase classname="api.test.DDTest" name="testDeleteUserByName" time="1.488"/>
  <testcase classname="api.test.DDTest" name="testDeleteUserByName" time="1.356"/>
</testsuite> <!-- api.test.DDTest -->
