<?xml version="1.0" encoding="UTF-8"?>
<!-- Generated by org.testng.reporters.JUnitReportReporter -->
<testsuite hostname="Shubham-Infinitys-MacBook-Air.local" failures="0" tests="4" name="api.test.UserTests" time="7.823" errors="0" timestamp="2025-12-30T18:35:28 IST" skipped="0">
  <testcase classname="api.test.UserTests" name="testPostUser" time="3.826"/>
  <testcase classname="api.test.UserTests" name="testGetUserByName" time="1.348"/>
  <testcase classname="api.test.UserTests" name="testPutUser" time="1.302"/>
  <testcase classname="api.test.UserTests" name="testDeleteUser" time="1.347"/>
</testsuite> <!-- api.test.UserTests -->
